perf_4.19 23272 37548.503451:          1 cycles:ppp: 
	ffffffff8f45ddb6 native_write_msr+0x6 ([kernel.kallsyms])
	ffffffff8f40c5a7 __intel_pmu_enable_all.constprop.25+0x47 ([kernel.kallsyms])
	ffffffff8f5b6cde perf_event_exec+0x16e ([kernel.kallsyms])
	ffffffff8f66d4d8 setup_new_exec+0xc8 ([kernel.kallsyms])
	ffffffff8f6c928d load_elf_binary+0x38d ([kernel.kallsyms])
	ffffffff8f66b2c0 search_binary_handler+0x90 ([kernel.kallsyms])
	ffffffff8f66ce11 __do_execve_file.isra.36+0x561 ([kernel.kallsyms])
	ffffffff8f66d284 __x64_sys_execve+0x34 ([kernel.kallsyms])
	ffffffff8f404183 do_syscall_64+0x53 ([kernel.kallsyms])
	ffffffff8fc00088 entry_SYSCALL_64_after_hwframe+0x44 ([kernel.kallsyms])
	    7f8dba070a07 [unknown] ([unknown])

perf_4.19 23272 37548.503455:          1 cycles:ppp: 
	ffffffff8f45ddb6 native_write_msr+0x6 ([kernel.kallsyms])
	ffffffff8f40c5a7 __intel_pmu_enable_all.constprop.25+0x47 ([kernel.kallsyms])
	ffffffff8f5b6cde perf_event_exec+0x16e ([kernel.kallsyms])
	ffffffff8f66d4d8 setup_new_exec+0xc8 ([kernel.kallsyms])
	ffffffff8f6c928d load_elf_binary+0x38d ([kernel.kallsyms])
	ffffffff8f66b2c0 search_binary_handler+0x90 ([kernel.kallsyms])
	ffffffff8f66ce11 __do_execve_file.isra.36+0x561 ([kernel.kallsyms])
	ffffffff8f66d284 __x64_sys_execve+0x34 ([kernel.kallsyms])
	ffffffff8f404183 do_syscall_64+0x53 ([kernel.kallsyms])
	ffffffff8fc00088 entry_SYSCALL_64_after_hwframe+0x44 ([kernel.kallsyms])
	    7f8dba070a07 [unknown] ([unknown])

perf_4.19 23272 37548.503458:          8 cycles:ppp: 
	ffffffff8f45ddb6 native_write_msr+0x6 ([kernel.kallsyms])
	ffffffff8f40c5a7 __intel_pmu_enable_all.constprop.25+0x47 ([kernel.kallsyms])
	ffffffff8f5b6cde perf_event_exec+0x16e ([kernel.kallsyms])
	ffffffff8f66d4d8 setup_new_exec+0xc8 ([kernel.kallsyms])
	ffffffff8f6c928d load_elf_binary+0x38d ([kernel.kallsyms])
	ffffffff8f66b2c0 search_binary_handler+0x90 ([kernel.kallsyms])
	ffffffff8f66ce11 __do_execve_file.isra.36+0x561 ([kernel.kallsyms])
	ffffffff8f66d284 __x64_sys_execve+0x34 ([kernel.kallsyms])
	ffffffff8f404183 do_syscall_64+0x53 ([kernel.kallsyms])
	ffffffff8fc00088 entry_SYSCALL_64_after_hwframe+0x44 ([kernel.kallsyms])
	    7f8dba070a07 [unknown] ([unknown])

perf_4.19 23272 37548.503461:         99 cycles:ppp: 
	ffffffff8f45ddb6 native_write_msr+0x6 ([kernel.kallsyms])
	ffffffff8f40c5a7 __intel_pmu_enable_all.constprop.25+0x47 ([kernel.kallsyms])
	ffffffff8f5b6cde perf_event_exec+0x16e ([kernel.kallsyms])
	ffffffff8f66d4d8 setup_new_exec+0xc8 ([kernel.kallsyms])
	ffffffff8f6c928d load_elf_binary+0x38d ([kernel.kallsyms])
	ffffffff8f66b2c0 search_binary_handler+0x90 ([kernel.kallsyms])
	ffffffff8f66ce11 __do_execve_file.isra.36+0x561 ([kernel.kallsyms])
	ffffffff8f66d284 __x64_sys_execve+0x34 ([kernel.kallsyms])
	ffffffff8f404183 do_syscall_64+0x53 ([kernel.kallsyms])
	ffffffff8fc00088 entry_SYSCALL_64_after_hwframe+0x44 ([kernel.kallsyms])
	    7f8dba070a07 [unknown] ([unknown])

perf_4.19 23272 37548.503463:       1288 cycles:ppp: 
	ffffffff8f45ddb6 native_write_msr+0x6 ([kernel.kallsyms])
	ffffffff8f40c5a7 __intel_pmu_enable_all.constprop.25+0x47 ([kernel.kallsyms])
	ffffffff8f5b6cde perf_event_exec+0x16e ([kernel.kallsyms])
	ffffffff8f66d4d8 setup_new_exec+0xc8 ([kernel.kallsyms])
	ffffffff8f6c928d load_elf_binary+0x38d ([kernel.kallsyms])
	ffffffff8f66b2c0 search_binary_handler+0x90 ([kernel.kallsyms])
	ffffffff8f66ce11 __do_execve_file.isra.36+0x561 ([kernel.kallsyms])
	ffffffff8f66d284 __x64_sys_execve+0x34 ([kernel.kallsyms])
	ffffffff8f404183 do_syscall_64+0x53 ([kernel.kallsyms])
	ffffffff8fc00088 entry_SYSCALL_64_after_hwframe+0x44 ([kernel.kallsyms])
	    7f8dba070a07 [unknown] ([unknown])

perf_4.19 23272 37548.503466:      16674 cycles:ppp: 
	ffffffff8f40c5b0 __intel_pmu_enable_all.constprop.25+0x50 ([kernel.kallsyms])
	ffffffff8f5b6cde perf_event_exec+0x16e ([kernel.kallsyms])
	ffffffff8f66d4d8 setup_new_exec+0xc8 ([kernel.kallsyms])
	ffffffff8f6c928d load_elf_binary+0x38d ([kernel.kallsyms])
	ffffffff8f66b2c0 search_binary_handler+0x90 ([kernel.kallsyms])
	ffffffff8f66ce11 __do_execve_file.isra.36+0x561 ([kernel.kallsyms])
	ffffffff8f66d284 __x64_sys_execve+0x34 ([kernel.kallsyms])
	ffffffff8f404183 do_syscall_64+0x53 ([kernel.kallsyms])
	ffffffff8fc00088 entry_SYSCALL_64_after_hwframe+0x44 ([kernel.kallsyms])
	    7f8dba070a07 [unknown] ([unknown])

ld-linux-x86-64 23272 37548.503474:     208294 cycles:ppp: 
	ffffffff8f648c75 vma_adjust_trans_huge+0x5 ([kernel.kallsyms])
	ffffffff8f609d34 __vma_adjust+0x174 ([kernel.kallsyms])
	ffffffff8f66aab1 shift_arg_pages+0x91 ([kernel.kallsyms])
	ffffffff8f66adaf setup_arg_pages+0x20f ([kernel.kallsyms])
	ffffffff8f6c92e8 load_elf_binary+0x3e8 ([kernel.kallsyms])
	ffffffff8f66b2c0 search_binary_handler+0x90 ([kernel.kallsyms])
	ffffffff8f66ce11 __do_execve_file.isra.36+0x561 ([kernel.kallsyms])
	ffffffff8f66d284 __x64_sys_execve+0x34 ([kernel.kallsyms])
	ffffffff8f404183 do_syscall_64+0x53 ([kernel.kallsyms])
	ffffffff8fc00088 entry_SYSCALL_64_after_hwframe+0x44 ([kernel.kallsyms])
	    7f8dba070a07 [unknown] ([unknown])

ld-linux-x86-64 23272 37548.503546:    1009031 cycles:ppp: 
	ffffffff8f69c75e prepend_name+0xe ([kernel.kallsyms])
	ffffffff8f69c988 prepend_path.isra.3+0xf8 ([kernel.kallsyms])
	ffffffff8f69cc71 d_path+0xf1 ([kernel.kallsyms])
	ffffffff8f5b70cc perf_event_mmap+0x1ac ([kernel.kallsyms])
	ffffffff8f60c9d5 mmap_region+0x1a5 ([kernel.kallsyms])
	ffffffff8f60d22d do_mmap+0x38d ([kernel.kallsyms])
	ffffffff8f5ea1b2 vm_mmap_pgoff+0xd2 ([kernel.kallsyms])
	ffffffff8f60a9c8 ksys_mmap_pgoff+0x1b8 ([kernel.kallsyms])
	ffffffff8f404183 do_syscall_64+0x53 ([kernel.kallsyms])
	ffffffff8fc00088 entry_SYSCALL_64_after_hwframe+0x44 ([kernel.kallsyms])
	    7f4567ea5b27 mmap64+0x47 (/home/markus/work_ot/c_analysis/glibc_install_fp_g_ggdb/lib/ld-2.28.so)
	    7f4567e8f940 _dl_map_object_from_fd+0x670 (/home/markus/work_ot/c_analysis/glibc_install_fp_g_ggdb/lib/ld-2.28.so)
	    7f4567e92828 _dl_map_object+0x1f8 (/home/markus/work_ot/c_analysis/glibc_install_fp_g_ggdb/lib/ld-2.28.so)
	    7f4567e8ecbc dl_main+0x345c (/home/markus/work_ot/c_analysis/glibc_install_fp_g_ggdb/lib/ld-2.28.so)
	    7f4567ea37e8 _dl_sysdep_start+0x438 (/home/markus/work_ot/c_analysis/glibc_install_fp_g_ggdb/lib/ld-2.28.so)
	    7f4567e8b2d8 _dl_start+0x288 (/home/markus/work_ot/c_analysis/glibc_install_fp_g_ggdb/lib/ld-2.28.so)
	    7f4567e8a098 _dl_start_user+0x0 (/home/markus/work_ot/c_analysis/glibc_install_fp_g_ggdb/lib/ld-2.28.so)

ld-linux-x86-64 23272 37548.503905:    1323352 cycles:ppp: 
	ffffffff8f5c2cee filemap_map_pages+0x9e ([kernel.kallsyms])
	ffffffff8f603db0 __handle_mm_fault+0x1030 ([kernel.kallsyms])
	ffffffff8f6040c6 handle_mm_fault+0xd6 ([kernel.kallsyms])
	ffffffff8f465c49 __do_page_fault+0x249 ([kernel.kallsyms])
	ffffffff8fc0114e page_fault+0x1e ([kernel.kallsyms])
	    7f4567cfbd80 _IO_file_xsputn@@GLIBC_2.2.5+0x0 (/home/markus/work_ot/c_analysis/glibc_install_fp_g_ggdb/lib/libc-2.28.so)
	    7f4567cd62f8 printf+0x98 (/home/markus/work_ot/c_analysis/glibc_install_fp_g_ggdb/lib/libc-2.28.so)
	    7f4567e852de main+0x99 (/home/markus/work_ot/ltp/testcases/open_posix_testsuite/functional/mqueues/test_glibc.out)
	    7f4567c940b3 __libc_start_main+0x103 (/home/markus/work_ot/c_analysis/glibc_install_fp_g_ggdb/lib/libc-2.28.so)
	    7f4567e8518a _start+0x2a (/home/markus/work_ot/ltp/testcases/open_posix_testsuite/functional/mqueues/test_glibc.out)

ld-linux-x86-64 23273 37548.503998:          1 cycles:ppp: 
	ffffffff8f45ddb6 native_write_msr+0x6 ([kernel.kallsyms])
	ffffffff8f40c5a7 __intel_pmu_enable_all.constprop.25+0x47 ([kernel.kallsyms])
	ffffffff8f5b2278 __perf_event_task_sched_in+0x188 ([kernel.kallsyms])
	ffffffff8f4a8934 finish_task_switch+0xd4 ([kernel.kallsyms])
	ffffffff8f4ade9b schedule_tail+0xb ([kernel.kallsyms])
	ffffffff8fc001e8 ret_from_fork+0x8 ([kernel.kallsyms])
	    7f4567d4fdc7 __libc_fork+0x47 (/home/markus/work_ot/c_analysis/glibc_install_fp_g_ggdb/lib/libc-2.28.so)
	    7f4567e853c2 main+0x17d (/home/markus/work_ot/ltp/testcases/open_posix_testsuite/functional/mqueues/test_glibc.out)
	    7f4567c940b3 __libc_start_main+0x103 (/home/markus/work_ot/c_analysis/glibc_install_fp_g_ggdb/lib/libc-2.28.so)
	    7f4567e8518a _start+0x2a (/home/markus/work_ot/ltp/testcases/open_posix_testsuite/functional/mqueues/test_glibc.out)

ld-linux-x86-64 23273 37548.504002:          1 cycles:ppp: 
	ffffffff8f45ddb6 native_write_msr+0x6 ([kernel.kallsyms])
	ffffffff8f40c5a7 __intel_pmu_enable_all.constprop.25+0x47 ([kernel.kallsyms])
	ffffffff8f5b2278 __perf_event_task_sched_in+0x188 ([kernel.kallsyms])
	ffffffff8f4a8934 finish_task_switch+0xd4 ([kernel.kallsyms])
	ffffffff8f4ade9b schedule_tail+0xb ([kernel.kallsyms])
	ffffffff8fc001e8 ret_from_fork+0x8 ([kernel.kallsyms])
	    7f4567d4fdc7 __libc_fork+0x47 (/home/markus/work_ot/c_analysis/glibc_install_fp_g_ggdb/lib/libc-2.28.so)
	    7f4567e853c2 main+0x17d (/home/markus/work_ot/ltp/testcases/open_posix_testsuite/functional/mqueues/test_glibc.out)
	    7f4567c940b3 __libc_start_main+0x103 (/home/markus/work_ot/c_analysis/glibc_install_fp_g_ggdb/lib/libc-2.28.so)
	    7f4567e8518a _start+0x2a (/home/markus/work_ot/ltp/testcases/open_posix_testsuite/functional/mqueues/test_glibc.out)

ld-linux-x86-64 23273 37548.504006:          9 cycles:ppp: 
	ffffffff8f45ddb6 native_write_msr+0x6 ([kernel.kallsyms])
	ffffffff8f40c5a7 __intel_pmu_enable_all.constprop.25+0x47 ([kernel.kallsyms])
	ffffffff8f5b2278 __perf_event_task_sched_in+0x188 ([kernel.kallsyms])
	ffffffff8f4a8934 finish_task_switch+0xd4 ([kernel.kallsyms])
	ffffffff8f4ade9b schedule_tail+0xb ([kernel.kallsyms])
	ffffffff8fc001e8 ret_from_fork+0x8 ([kernel.kallsyms])
	    7f4567d4fdc7 __libc_fork+0x47 (/home/markus/work_ot/c_analysis/glibc_install_fp_g_ggdb/lib/libc-2.28.so)
	    7f4567e853c2 main+0x17d (/home/markus/work_ot/ltp/testcases/open_posix_testsuite/functional/mqueues/test_glibc.out)
	    7f4567c940b3 __libc_start_main+0x103 (/home/markus/work_ot/c_analysis/glibc_install_fp_g_ggdb/lib/libc-2.28.so)
	    7f4567e8518a _start+0x2a (/home/markus/work_ot/ltp/testcases/open_posix_testsuite/functional/mqueues/test_glibc.out)

ld-linux-x86-64 23273 37548.504009:         93 cycles:ppp: 
	ffffffff8f45ddb6 native_write_msr+0x6 ([kernel.kallsyms])
	ffffffff8f40c5a7 __intel_pmu_enable_all.constprop.25+0x47 ([kernel.kallsyms])
	ffffffff8f5b2278 __perf_event_task_sched_in+0x188 ([kernel.kallsyms])
	ffffffff8f4a8934 finish_task_switch+0xd4 ([kernel.kallsyms])
	ffffffff8f4ade9b schedule_tail+0xb ([kernel.kallsyms])
	ffffffff8fc001e8 ret_from_fork+0x8 ([kernel.kallsyms])
	    7f4567d4fdc7 __libc_fork+0x47 (/home/markus/work_ot/c_analysis/glibc_install_fp_g_ggdb/lib/libc-2.28.so)
	    7f4567e853c2 main+0x17d (/home/markus/work_ot/ltp/testcases/open_posix_testsuite/functional/mqueues/test_glibc.out)
	    7f4567c940b3 __libc_start_main+0x103 (/home/markus/work_ot/c_analysis/glibc_install_fp_g_ggdb/lib/libc-2.28.so)
	    7f4567e8518a _start+0x2a (/home/markus/work_ot/ltp/testcases/open_posix_testsuite/functional/mqueues/test_glibc.out)

ld-linux-x86-64 23273 37548.504012:        987 cycles:ppp: 
	ffffffff8f45ddb6 native_write_msr+0x6 ([kernel.kallsyms])
	ffffffff8f40c5a7 __intel_pmu_enable_all.constprop.25+0x47 ([kernel.kallsyms])
	ffffffff8f5b2278 __perf_event_task_sched_in+0x188 ([kernel.kallsyms])
	ffffffff8f4a8934 finish_task_switch+0xd4 ([kernel.kallsyms])
	ffffffff8f4ade9b schedule_tail+0xb ([kernel.kallsyms])
	ffffffff8fc001e8 ret_from_fork+0x8 ([kernel.kallsyms])
	    7f4567d4fdc7 __libc_fork+0x47 (/home/markus/work_ot/c_analysis/glibc_install_fp_g_ggdb/lib/libc-2.28.so)
	    7f4567e853c2 main+0x17d (/home/markus/work_ot/ltp/testcases/open_posix_testsuite/functional/mqueues/test_glibc.out)
	    7f4567c940b3 __libc_start_main+0x103 (/home/markus/work_ot/c_analysis/glibc_install_fp_g_ggdb/lib/libc-2.28.so)
	    7f4567e8518a _start+0x2a (/home/markus/work_ot/ltp/testcases/open_posix_testsuite/functional/mqueues/test_glibc.out)

ld-linux-x86-64 23273 37548.504015:      10791 cycles:ppp: 
	ffffffff8f45ddb6 native_write_msr+0x6 ([kernel.kallsyms])
	ffffffff8f40c5a7 __intel_pmu_enable_all.constprop.25+0x47 ([kernel.kallsyms])
	ffffffff8f5b2278 __perf_event_task_sched_in+0x188 ([kernel.kallsyms])
	ffffffff8f4a8934 finish_task_switch+0xd4 ([kernel.kallsyms])
	ffffffff8f4ade9b schedule_tail+0xb ([kernel.kallsyms])
	ffffffff8fc001e8 ret_from_fork+0x8 ([kernel.kallsyms])
	    7f4567d4fdc7 __libc_fork+0x47 (/home/markus/work_ot/c_analysis/glibc_install_fp_g_ggdb/lib/libc-2.28.so)
	    7f4567e853c2 main+0x17d (/home/markus/work_ot/ltp/testcases/open_posix_testsuite/functional/mqueues/test_glibc.out)
	    7f4567c940b3 __libc_start_main+0x103 (/home/markus/work_ot/c_analysis/glibc_install_fp_g_ggdb/lib/libc-2.28.so)
	    7f4567e8518a _start+0x2a (/home/markus/work_ot/ltp/testcases/open_posix_testsuite/functional/mqueues/test_glibc.out)

ld-linux-x86-64 23273 37548.504022:     113298 cycles:ppp: 
	ffffffff8fc01130 page_fault+0x0 ([kernel.kallsyms])
	    7f4567d4fdc7 __libc_fork+0x47 (/home/markus/work_ot/c_analysis/glibc_install_fp_g_ggdb/lib/libc-2.28.so)
	    7f4567e853c2 main+0x17d (/home/markus/work_ot/ltp/testcases/open_posix_testsuite/functional/mqueues/test_glibc.out)
	    7f4567c940b3 __libc_start_main+0x103 (/home/markus/work_ot/c_analysis/glibc_install_fp_g_ggdb/lib/libc-2.28.so)
	    7f4567e8518a _start+0x2a (/home/markus/work_ot/ltp/testcases/open_posix_testsuite/functional/mqueues/test_glibc.out)

ld-linux-x86-64 23273 37548.504060:     665626 cycles:ppp: 
	ffffffff8fc01130 page_fault+0x0 ([kernel.kallsyms])
	    7f4567ccca50 vfprintf+0x0 (/home/markus/work_ot/c_analysis/glibc_install_fp_g_ggdb/lib/libc-2.28.so)
	    7f4567e85437 main+0x1f2 (/home/markus/work_ot/ltp/testcases/open_posix_testsuite/functional/mqueues/test_glibc.out)
	    7f4567c940b3 __libc_start_main+0x103 (/home/markus/work_ot/c_analysis/glibc_install_fp_g_ggdb/lib/libc-2.28.so)
	    7f4567e8518a _start+0x2a (/home/markus/work_ot/ltp/testcases/open_posix_testsuite/functional/mqueues/test_glibc.out)

