perf_4.19 22781 37473.890368:          1 cycles:ppp: 
	ffffffff8f45ddb6 native_write_msr+0x6 ([kernel.kallsyms])
	ffffffff8f40c5a7 __intel_pmu_enable_all.constprop.25+0x47 ([kernel.kallsyms])
	ffffffff8f5b6cde perf_event_exec+0x16e ([kernel.kallsyms])
	ffffffff8f66d4d8 setup_new_exec+0xc8 ([kernel.kallsyms])
	ffffffff8f6c928d load_elf_binary+0x38d ([kernel.kallsyms])
	ffffffff8f66b2c0 search_binary_handler+0x90 ([kernel.kallsyms])
	ffffffff8f66ce11 __do_execve_file.isra.36+0x561 ([kernel.kallsyms])
	ffffffff8f66d284 __x64_sys_execve+0x34 ([kernel.kallsyms])
	ffffffff8f404183 do_syscall_64+0x53 ([kernel.kallsyms])
	ffffffff8fc00088 entry_SYSCALL_64_after_hwframe+0x44 ([kernel.kallsyms])

perf_4.19 22781 37473.890376:          1 cycles:ppp: 
	ffffffff8f45ddb6 native_write_msr+0x6 ([kernel.kallsyms])
	ffffffff8f40c5a7 __intel_pmu_enable_all.constprop.25+0x47 ([kernel.kallsyms])
	ffffffff8f5b6cde perf_event_exec+0x16e ([kernel.kallsyms])
	ffffffff8f66d4d8 setup_new_exec+0xc8 ([kernel.kallsyms])
	ffffffff8f6c928d load_elf_binary+0x38d ([kernel.kallsyms])
	ffffffff8f66b2c0 search_binary_handler+0x90 ([kernel.kallsyms])
	ffffffff8f66ce11 __do_execve_file.isra.36+0x561 ([kernel.kallsyms])
	ffffffff8f66d284 __x64_sys_execve+0x34 ([kernel.kallsyms])
	ffffffff8f404183 do_syscall_64+0x53 ([kernel.kallsyms])
	ffffffff8fc00088 entry_SYSCALL_64_after_hwframe+0x44 ([kernel.kallsyms])

perf_4.19 22781 37473.890380:          5 cycles:ppp: 
	ffffffff8f45ddb6 native_write_msr+0x6 ([kernel.kallsyms])
	ffffffff8f40c5a7 __intel_pmu_enable_all.constprop.25+0x47 ([kernel.kallsyms])
	ffffffff8f5b6cde perf_event_exec+0x16e ([kernel.kallsyms])
	ffffffff8f66d4d8 setup_new_exec+0xc8 ([kernel.kallsyms])
	ffffffff8f6c928d load_elf_binary+0x38d ([kernel.kallsyms])
	ffffffff8f66b2c0 search_binary_handler+0x90 ([kernel.kallsyms])
	ffffffff8f66ce11 __do_execve_file.isra.36+0x561 ([kernel.kallsyms])
	ffffffff8f66d284 __x64_sys_execve+0x34 ([kernel.kallsyms])
	ffffffff8f404183 do_syscall_64+0x53 ([kernel.kallsyms])
	ffffffff8fc00088 entry_SYSCALL_64_after_hwframe+0x44 ([kernel.kallsyms])

perf_4.19 22781 37473.890383:         44 cycles:ppp: 
	ffffffff8f45ddb6 native_write_msr+0x6 ([kernel.kallsyms])
	ffffffff8f40c5a7 __intel_pmu_enable_all.constprop.25+0x47 ([kernel.kallsyms])
	ffffffff8f5b6cde perf_event_exec+0x16e ([kernel.kallsyms])
	ffffffff8f66d4d8 setup_new_exec+0xc8 ([kernel.kallsyms])
	ffffffff8f6c928d load_elf_binary+0x38d ([kernel.kallsyms])
	ffffffff8f66b2c0 search_binary_handler+0x90 ([kernel.kallsyms])
	ffffffff8f66ce11 __do_execve_file.isra.36+0x561 ([kernel.kallsyms])
	ffffffff8f66d284 __x64_sys_execve+0x34 ([kernel.kallsyms])
	ffffffff8f404183 do_syscall_64+0x53 ([kernel.kallsyms])
	ffffffff8fc00088 entry_SYSCALL_64_after_hwframe+0x44 ([kernel.kallsyms])

perf_4.19 22781 37473.890387:        405 cycles:ppp: 
	ffffffff8f45ddb6 native_write_msr+0x6 ([kernel.kallsyms])
	ffffffff8f40c5a7 __intel_pmu_enable_all.constprop.25+0x47 ([kernel.kallsyms])
	ffffffff8f5b6cde perf_event_exec+0x16e ([kernel.kallsyms])
	ffffffff8f66d4d8 setup_new_exec+0xc8 ([kernel.kallsyms])
	ffffffff8f6c928d load_elf_binary+0x38d ([kernel.kallsyms])
	ffffffff8f66b2c0 search_binary_handler+0x90 ([kernel.kallsyms])
	ffffffff8f66ce11 __do_execve_file.isra.36+0x561 ([kernel.kallsyms])
	ffffffff8f66d284 __x64_sys_execve+0x34 ([kernel.kallsyms])
	ffffffff8f404183 do_syscall_64+0x53 ([kernel.kallsyms])
	ffffffff8fc00088 entry_SYSCALL_64_after_hwframe+0x44 ([kernel.kallsyms])

perf_4.19 22781 37473.890391:       3741 cycles:ppp: 
	ffffffff8f45ddb6 native_write_msr+0x6 ([kernel.kallsyms])
	ffffffff8f40c5a7 __intel_pmu_enable_all.constprop.25+0x47 ([kernel.kallsyms])
	ffffffff8f5b6cde perf_event_exec+0x16e ([kernel.kallsyms])
	ffffffff8f66d4d8 setup_new_exec+0xc8 ([kernel.kallsyms])
	ffffffff8f6c928d load_elf_binary+0x38d ([kernel.kallsyms])
	ffffffff8f66b2c0 search_binary_handler+0x90 ([kernel.kallsyms])
	ffffffff8f66ce11 __do_execve_file.isra.36+0x561 ([kernel.kallsyms])
	ffffffff8f66d284 __x64_sys_execve+0x34 ([kernel.kallsyms])
	ffffffff8f404183 do_syscall_64+0x53 ([kernel.kallsyms])
	ffffffff8fc00088 entry_SYSCALL_64_after_hwframe+0x44 ([kernel.kallsyms])

perf_4.19 22781 37473.890395:      34349 cycles:ppp: 
	ffffffff8f5a9332 perf_event_addr_filters_exec+0x2 ([kernel.kallsyms])
	ffffffff8f5acaba perf_iterate_ctx+0x5a ([kernel.kallsyms])
	ffffffff8f5b6d2c perf_event_exec+0x1bc ([kernel.kallsyms])
	ffffffff8f66d4d8 setup_new_exec+0xc8 ([kernel.kallsyms])
	ffffffff8f6c928d load_elf_binary+0x38d ([kernel.kallsyms])
	ffffffff8f66b2c0 search_binary_handler+0x90 ([kernel.kallsyms])
	ffffffff8f66ce11 __do_execve_file.isra.36+0x561 ([kernel.kallsyms])
	ffffffff8f66d284 __x64_sys_execve+0x34 ([kernel.kallsyms])
	ffffffff8f404183 do_syscall_64+0x53 ([kernel.kallsyms])
	ffffffff8fc00088 entry_SYSCALL_64_after_hwframe+0x44 ([kernel.kallsyms])

ld-linux-x86-64 22781 37473.890411:     268643 cycles:ppp: 
	ffffffff8fb291f0 down_write_killable+0x20 ([kernel.kallsyms])
	ffffffff8f5ea182 vm_mmap_pgoff+0xa2 ([kernel.kallsyms])
	ffffffff8f6c8d2c elf_map+0x8c ([kernel.kallsyms])
	ffffffff8f6c93cd load_elf_binary+0x4cd ([kernel.kallsyms])
	ffffffff8f66b2c0 search_binary_handler+0x90 ([kernel.kallsyms])
	ffffffff8f66ce11 __do_execve_file.isra.36+0x561 ([kernel.kallsyms])
	ffffffff8f66d284 __x64_sys_execve+0x34 ([kernel.kallsyms])
	ffffffff8f404183 do_syscall_64+0x53 ([kernel.kallsyms])
	ffffffff8fc00088 entry_SYSCALL_64_after_hwframe+0x44 ([kernel.kallsyms])

ld-linux-x86-64 22781 37473.890501:     792728 cycles:ppp: 
	    7f0b97635f55 _dl_important_hwcaps+0x7a5 (/home/markus/work_ot/c_analysis/glibc_install_fp_g_ggdb/lib/ld-2.28.so)
	    7f0b9762f344 _dl_init_paths+0x34 (/home/markus/work_ot/c_analysis/glibc_install_fp_g_ggdb/lib/ld-2.28.so)
	    7f0b97629c85 dl_main+0x1425 (/home/markus/work_ot/c_analysis/glibc_install_fp_g_ggdb/lib/ld-2.28.so)
	    7f0b976407e7 _dl_sysdep_start+0x437 (/home/markus/work_ot/c_analysis/glibc_install_fp_g_ggdb/lib/ld-2.28.so)
	    7f0b976282d7 _dl_start_final+0x287 (inlined)
	    7f0b976282d7 _dl_start+0x287 (/home/markus/work_ot/c_analysis/glibc_install_fp_g_ggdb/lib/ld-2.28.so)
	    7f0b97627097 _start+0x7 (/home/markus/work_ot/c_analysis/glibc_install_fp_g_ggdb/lib/ld-2.28.so)

ld-linux-x86-64 22781 37473.890761:     967324 cycles:ppp: 
	    7f0b975f8880 __pthread_initialize_minimal_internal+0x0 (/home/markus/work_ot/c_analysis/glibc_install_fp_g_ggdb/lib/libpthread-2.28.so)
	    7ffdfe3a413f [unknown] ([stack])

ld-linux-x86-64 22782 37473.891008:          1 cycles:ppp: 
	ffffffff8f45ddb6 native_write_msr+0x6 ([kernel.kallsyms])
	ffffffff8f40c5a7 __intel_pmu_enable_all.constprop.25+0x47 ([kernel.kallsyms])
	ffffffff8f5b2278 __perf_event_task_sched_in+0x188 ([kernel.kallsyms])
	ffffffff8f4a8934 finish_task_switch+0xd4 ([kernel.kallsyms])
	ffffffff8f4ade9b schedule_tail+0xb ([kernel.kallsyms])
	ffffffff8fc001e8 ret_from_fork+0x8 ([kernel.kallsyms])
	    7f0b974ecdc7 arch_fork+0x47 (inlined)
	    7f0b974ecdc7 __libc_fork+0x47 (/home/markus/work_ot/c_analysis/glibc_install_fp_g_ggdb/lib/libc-2.28.so)
	    7f0b976223c1 main+0x17c (/home/markus/work_ot/ltp/testcases/open_posix_testsuite/functional/mqueues/test_glibc.out)
	    7f0b974310b2 __libc_start_main+0x102 (/home/markus/work_ot/c_analysis/glibc_install_fp_g_ggdb/lib/libc-2.28.so)
	    7f0b97622189 _start+0x29 (/home/markus/work_ot/ltp/testcases/open_posix_testsuite/functional/mqueues/test_glibc.out)

ld-linux-x86-64 22782 37473.891014:          1 cycles:ppp: 
	ffffffff8f45ddb6 native_write_msr+0x6 ([kernel.kallsyms])
	ffffffff8f40c5a7 __intel_pmu_enable_all.constprop.25+0x47 ([kernel.kallsyms])
	ffffffff8f5b2278 __perf_event_task_sched_in+0x188 ([kernel.kallsyms])
	ffffffff8f4a8934 finish_task_switch+0xd4 ([kernel.kallsyms])
	ffffffff8f4ade9b schedule_tail+0xb ([kernel.kallsyms])
	ffffffff8fc001e8 ret_from_fork+0x8 ([kernel.kallsyms])
	    7f0b974ecdc7 arch_fork+0x47 (inlined)
	    7f0b974ecdc7 __libc_fork+0x47 (/home/markus/work_ot/c_analysis/glibc_install_fp_g_ggdb/lib/libc-2.28.so)
	    7f0b976223c1 main+0x17c (/home/markus/work_ot/ltp/testcases/open_posix_testsuite/functional/mqueues/test_glibc.out)
	    7f0b974310b2 __libc_start_main+0x102 (/home/markus/work_ot/c_analysis/glibc_install_fp_g_ggdb/lib/libc-2.28.so)
	    7f0b97622189 _start+0x29 (/home/markus/work_ot/ltp/testcases/open_posix_testsuite/functional/mqueues/test_glibc.out)

ld-linux-x86-64 22782 37473.891018:          6 cycles:ppp: 
	ffffffff8f45ddb6 native_write_msr+0x6 ([kernel.kallsyms])
	ffffffff8f40c5a7 __intel_pmu_enable_all.constprop.25+0x47 ([kernel.kallsyms])
	ffffffff8f5b2278 __perf_event_task_sched_in+0x188 ([kernel.kallsyms])
	ffffffff8f4a8934 finish_task_switch+0xd4 ([kernel.kallsyms])
	ffffffff8f4ade9b schedule_tail+0xb ([kernel.kallsyms])
	ffffffff8fc001e8 ret_from_fork+0x8 ([kernel.kallsyms])
	    7f0b974ecdc7 arch_fork+0x47 (inlined)
	    7f0b974ecdc7 __libc_fork+0x47 (/home/markus/work_ot/c_analysis/glibc_install_fp_g_ggdb/lib/libc-2.28.so)
	    7f0b976223c1 main+0x17c (/home/markus/work_ot/ltp/testcases/open_posix_testsuite/functional/mqueues/test_glibc.out)
	    7f0b974310b2 __libc_start_main+0x102 (/home/markus/work_ot/c_analysis/glibc_install_fp_g_ggdb/lib/libc-2.28.so)
	    7f0b97622189 _start+0x29 (/home/markus/work_ot/ltp/testcases/open_posix_testsuite/functional/mqueues/test_glibc.out)

ld-linux-x86-64 22782 37473.891022:         54 cycles:ppp: 
	ffffffff8f45ddb6 native_write_msr+0x6 ([kernel.kallsyms])
	ffffffff8f40c5a7 __intel_pmu_enable_all.constprop.25+0x47 ([kernel.kallsyms])
	ffffffff8f5b2278 __perf_event_task_sched_in+0x188 ([kernel.kallsyms])
	ffffffff8f4a8934 finish_task_switch+0xd4 ([kernel.kallsyms])
	ffffffff8f4ade9b schedule_tail+0xb ([kernel.kallsyms])
	ffffffff8fc001e8 ret_from_fork+0x8 ([kernel.kallsyms])
	    7f0b974ecdc7 arch_fork+0x47 (inlined)
	    7f0b974ecdc7 __libc_fork+0x47 (/home/markus/work_ot/c_analysis/glibc_install_fp_g_ggdb/lib/libc-2.28.so)
	    7f0b976223c1 main+0x17c (/home/markus/work_ot/ltp/testcases/open_posix_testsuite/functional/mqueues/test_glibc.out)
	    7f0b974310b2 __libc_start_main+0x102 (/home/markus/work_ot/c_analysis/glibc_install_fp_g_ggdb/lib/libc-2.28.so)
	    7f0b97622189 _start+0x29 (/home/markus/work_ot/ltp/testcases/open_posix_testsuite/functional/mqueues/test_glibc.out)

ld-linux-x86-64 22782 37473.891025:        505 cycles:ppp: 
	ffffffff8f45ddb6 native_write_msr+0x6 ([kernel.kallsyms])
	ffffffff8f40c5a7 __intel_pmu_enable_all.constprop.25+0x47 ([kernel.kallsyms])
	ffffffff8f5b2278 __perf_event_task_sched_in+0x188 ([kernel.kallsyms])
	ffffffff8f4a8934 finish_task_switch+0xd4 ([kernel.kallsyms])
	ffffffff8f4ade9b schedule_tail+0xb ([kernel.kallsyms])
	ffffffff8fc001e8 ret_from_fork+0x8 ([kernel.kallsyms])
	    7f0b974ecdc7 arch_fork+0x47 (inlined)
	    7f0b974ecdc7 __libc_fork+0x47 (/home/markus/work_ot/c_analysis/glibc_install_fp_g_ggdb/lib/libc-2.28.so)
	    7f0b976223c1 main+0x17c (/home/markus/work_ot/ltp/testcases/open_posix_testsuite/functional/mqueues/test_glibc.out)
	    7f0b974310b2 __libc_start_main+0x102 (/home/markus/work_ot/c_analysis/glibc_install_fp_g_ggdb/lib/libc-2.28.so)
	    7f0b97622189 _start+0x29 (/home/markus/work_ot/ltp/testcases/open_posix_testsuite/functional/mqueues/test_glibc.out)

ld-linux-x86-64 22782 37473.891029:       4583 cycles:ppp: 
	ffffffff8f45ddb6 native_write_msr+0x6 ([kernel.kallsyms])
	ffffffff8f40c5a7 __intel_pmu_enable_all.constprop.25+0x47 ([kernel.kallsyms])
	ffffffff8f5b2278 __perf_event_task_sched_in+0x188 ([kernel.kallsyms])
	ffffffff8f4a8934 finish_task_switch+0xd4 ([kernel.kallsyms])
	ffffffff8f4ade9b schedule_tail+0xb ([kernel.kallsyms])
	ffffffff8fc001e8 ret_from_fork+0x8 ([kernel.kallsyms])
	    7f0b974ecdc7 arch_fork+0x47 (inlined)
	    7f0b974ecdc7 __libc_fork+0x47 (/home/markus/work_ot/c_analysis/glibc_install_fp_g_ggdb/lib/libc-2.28.so)
	    7f0b976223c1 main+0x17c (/home/markus/work_ot/ltp/testcases/open_posix_testsuite/functional/mqueues/test_glibc.out)
	    7f0b974310b2 __libc_start_main+0x102 (/home/markus/work_ot/c_analysis/glibc_install_fp_g_ggdb/lib/libc-2.28.so)
	    7f0b97622189 _start+0x29 (/home/markus/work_ot/ltp/testcases/open_posix_testsuite/functional/mqueues/test_glibc.out)

ld-linux-x86-64 22782 37473.891034:      42802 cycles:ppp: 
	ffffffff8f465ef2 do_page_fault+0x2 ([kernel.kallsyms])
	ffffffff8fc0114e page_fault+0x1e ([kernel.kallsyms])
	ffffffff8fb1db2c __put_user_4+0x1c ([kernel.kallsyms])
	ffffffff8f4aded0 schedule_tail+0x40 ([kernel.kallsyms])
	ffffffff8fc001e8 ret_from_fork+0x8 ([kernel.kallsyms])
	    7f0b974ecdc7 arch_fork+0x47 (inlined)
	    7f0b974ecdc7 __libc_fork+0x47 (/home/markus/work_ot/c_analysis/glibc_install_fp_g_ggdb/lib/libc-2.28.so)
	    7f0b976223c1 main+0x17c (/home/markus/work_ot/ltp/testcases/open_posix_testsuite/functional/mqueues/test_glibc.out)
	    7f0b974310b2 __libc_start_main+0x102 (/home/markus/work_ot/c_analysis/glibc_install_fp_g_ggdb/lib/libc-2.28.so)
	    7f0b97622189 _start+0x29 (/home/markus/work_ot/ltp/testcases/open_posix_testsuite/functional/mqueues/test_glibc.out)

ld-linux-x86-64 22782 37473.891052:     323073 cycles:ppp: 
	ffffffff8f5c2cee filemap_map_pages+0x9e ([kernel.kallsyms])
	ffffffff8f603db0 __handle_mm_fault+0x1030 ([kernel.kallsyms])
	ffffffff8f6040c6 handle_mm_fault+0xd6 ([kernel.kallsyms])
	ffffffff8f465c49 __do_page_fault+0x249 ([kernel.kallsyms])
	ffffffff8fc0114e page_fault+0x1e ([kernel.kallsyms])
	    7f0b975f8690 __nptl_set_robust+0x0 (/home/markus/work_ot/c_analysis/glibc_install_fp_g_ggdb/lib/libpthread-2.28.so)
	    7f0b974ecf58 __libc_fork+0x1d8 (/home/markus/work_ot/c_analysis/glibc_install_fp_g_ggdb/lib/libc-2.28.so)
	    7f0b976223c1 main+0x17c (/home/markus/work_ot/ltp/testcases/open_posix_testsuite/functional/mqueues/test_glibc.out)
	    7f0b974310b2 __libc_start_main+0x102 (/home/markus/work_ot/c_analysis/glibc_install_fp_g_ggdb/lib/libc-2.28.so)
	    7f0b97622189 _start+0x29 (/home/markus/work_ot/ltp/testcases/open_posix_testsuite/functional/mqueues/test_glibc.out)

ld-linux-x86-64 22782 37473.891172:     835019 cycles:ppp: 
	ffffffff8f639b93 kmem_cache_alloc_trace+0x93 ([kernel.kallsyms])
	ffffffff8f70a1f6 do_mq_timedsend+0x346 ([kernel.kallsyms])
	ffffffff8f70a410 __x64_sys_mq_timedsend+0x70 ([kernel.kallsyms])
	ffffffff8f404183 do_syscall_64+0x53 ([kernel.kallsyms])
	ffffffff8fc00088 entry_SYSCALL_64_after_hwframe+0x44 ([kernel.kallsyms])
	    7f0b97618096 __GI___mq_timedsend+0x16 (/home/markus/work_ot/c_analysis/glibc_install_fp_g_ggdb/lib/librt-2.28.so)
	    7f0b97622468 main+0x223 (/home/markus/work_ot/ltp/testcases/open_posix_testsuite/functional/mqueues/test_glibc.out)
	    7f0b974310b2 __libc_start_main+0x102 (/home/markus/work_ot/c_analysis/glibc_install_fp_g_ggdb/lib/libc-2.28.so)
	    7f0b97622189 _start+0x29 (/home/markus/work_ot/ltp/testcases/open_posix_testsuite/functional/mqueues/test_glibc.out)

ld-linux-x86-64 22781 37473.891175:          1 cycles:ppp: 
	ffffffff8f45ddb6 native_write_msr+0x6 ([kernel.kallsyms])
	ffffffff8f40c5a7 __intel_pmu_enable_all.constprop.25+0x47 ([kernel.kallsyms])
	ffffffff8f5b2278 __perf_event_task_sched_in+0x188 ([kernel.kallsyms])
	ffffffff8f4a8934 finish_task_switch+0xd4 ([kernel.kallsyms])
	ffffffff8fb25ffa __sched_text_start+0x2aa ([kernel.kallsyms])
	ffffffff8fb265e8 schedule+0x28 ([kernel.kallsyms])
	ffffffff8fb268ba schedule_preempt_disabled+0xa ([kernel.kallsyms])
	ffffffff8fb289a5 __mutex_lock.isra.8+0x2b5 ([kernel.kallsyms])
	ffffffff8f8cb805 tty_write_lock+0x25 ([kernel.kallsyms])
	ffffffff8f8ce21a tty_write+0xba ([kernel.kallsyms])
	ffffffff8f665185 vfs_write+0xa5 ([kernel.kallsyms])
	ffffffff8f665427 ksys_write+0x57 ([kernel.kallsyms])
	ffffffff8f404183 do_syscall_64+0x53 ([kernel.kallsyms])
	ffffffff8fc00088 entry_SYSCALL_64_after_hwframe+0x44 ([kernel.kallsyms])
	    7f0b975187f4 __GI___libc_write+0x14 (/home/markus/work_ot/c_analysis/glibc_install_fp_g_ggdb/lib/libc-2.28.so)
	    7f0b974987a4 _IO_new_file_write+0x24 (inlined)
	    7f0b97499f1a new_do_write+0xba (inlined)
	    7f0b97499f1a _IO_new_do_write+0xba (inlined)
	    7f0b97499f1a _IO_new_do_write+0xba (inlined)
	    7f0b97498ea4 _IO_new_file_xsputn+0x124 (inlined)
	    7f0b97498ea4 _IO_new_file_xsputn+0x124 (inlined)
	    7f0b9746a12f _IO_vfprintf_internal+0x6df (inlined)
	    7f0b974732f7 __printf+0x97 (inlined)
	    7f0b9762251e main+0x2d9 (/home/markus/work_ot/ltp/testcases/open_posix_testsuite/functional/mqueues/test_glibc.out)
	    7f0b974310b2 __libc_start_main+0x102 (/home/markus/work_ot/c_analysis/glibc_install_fp_g_ggdb/lib/libc-2.28.so)
	    7f0b97622189 _start+0x29 (/home/markus/work_ot/ltp/testcases/open_posix_testsuite/functional/mqueues/test_glibc.out)

ld-linux-x86-64 22781 37473.891182:          1 cycles:ppp: 
	ffffffff8f45ddb6 native_write_msr+0x6 ([kernel.kallsyms])
	ffffffff8f40c5a7 __intel_pmu_enable_all.constprop.25+0x47 ([kernel.kallsyms])
	ffffffff8f5b2278 __perf_event_task_sched_in+0x188 ([kernel.kallsyms])
	ffffffff8f4a8934 finish_task_switch+0xd4 ([kernel.kallsyms])
	ffffffff8fb25ffa __sched_text_start+0x2aa ([kernel.kallsyms])
	ffffffff8fb265e8 schedule+0x28 ([kernel.kallsyms])
	ffffffff8fb268ba schedule_preempt_disabled+0xa ([kernel.kallsyms])
	ffffffff8fb289a5 __mutex_lock.isra.8+0x2b5 ([kernel.kallsyms])
	ffffffff8f8cb805 tty_write_lock+0x25 ([kernel.kallsyms])
	ffffffff8f8ce21a tty_write+0xba ([kernel.kallsyms])
	ffffffff8f665185 vfs_write+0xa5 ([kernel.kallsyms])
	ffffffff8f665427 ksys_write+0x57 ([kernel.kallsyms])
	ffffffff8f404183 do_syscall_64+0x53 ([kernel.kallsyms])
	ffffffff8fc00088 entry_SYSCALL_64_after_hwframe+0x44 ([kernel.kallsyms])
	    7f0b975187f4 __GI___libc_write+0x14 (/home/markus/work_ot/c_analysis/glibc_install_fp_g_ggdb/lib/libc-2.28.so)
	    7f0b974987a4 _IO_new_file_write+0x24 (inlined)
	    7f0b97499f1a new_do_write+0xba (inlined)
	    7f0b97499f1a _IO_new_do_write+0xba (inlined)
	    7f0b97499f1a _IO_new_do_write+0xba (inlined)
	    7f0b97498ea4 _IO_new_file_xsputn+0x124 (inlined)
	    7f0b97498ea4 _IO_new_file_xsputn+0x124 (inlined)
	    7f0b9746a12f _IO_vfprintf_internal+0x6df (inlined)
	    7f0b974732f7 __printf+0x97 (inlined)
	    7f0b9762251e main+0x2d9 (/home/markus/work_ot/ltp/testcases/open_posix_testsuite/functional/mqueues/test_glibc.out)
	    7f0b974310b2 __libc_start_main+0x102 (/home/markus/work_ot/c_analysis/glibc_install_fp_g_ggdb/lib/libc-2.28.so)
	    7f0b97622189 _start+0x29 (/home/markus/work_ot/ltp/testcases/open_posix_testsuite/functional/mqueues/test_glibc.out)

ld-linux-x86-64 22781 37473.891187:          6 cycles:ppp: 
	ffffffff8f45ddb6 native_write_msr+0x6 ([kernel.kallsyms])
	ffffffff8f40c5a7 __intel_pmu_enable_all.constprop.25+0x47 ([kernel.kallsyms])
	ffffffff8f5b2278 __perf_event_task_sched_in+0x188 ([kernel.kallsyms])
	ffffffff8f4a8934 finish_task_switch+0xd4 ([kernel.kallsyms])
	ffffffff8fb25ffa __sched_text_start+0x2aa ([kernel.kallsyms])
	ffffffff8fb265e8 schedule+0x28 ([kernel.kallsyms])
	ffffffff8fb268ba schedule_preempt_disabled+0xa ([kernel.kallsyms])
	ffffffff8fb289a5 __mutex_lock.isra.8+0x2b5 ([kernel.kallsyms])
	ffffffff8f8cb805 tty_write_lock+0x25 ([kernel.kallsyms])
	ffffffff8f8ce21a tty_write+0xba ([kernel.kallsyms])
	ffffffff8f665185 vfs_write+0xa5 ([kernel.kallsyms])
	ffffffff8f665427 ksys_write+0x57 ([kernel.kallsyms])
	ffffffff8f404183 do_syscall_64+0x53 ([kernel.kallsyms])
	ffffffff8fc00088 entry_SYSCALL_64_after_hwframe+0x44 ([kernel.kallsyms])
	    7f0b975187f4 __GI___libc_write+0x14 (/home/markus/work_ot/c_analysis/glibc_install_fp_g_ggdb/lib/libc-2.28.so)
	    7f0b974987a4 _IO_new_file_write+0x24 (inlined)
	    7f0b97499f1a new_do_write+0xba (inlined)
	    7f0b97499f1a _IO_new_do_write+0xba (inlined)
	    7f0b97499f1a _IO_new_do_write+0xba (inlined)
	    7f0b97498ea4 _IO_new_file_xsputn+0x124 (inlined)
	    7f0b97498ea4 _IO_new_file_xsputn+0x124 (inlined)
	    7f0b9746a12f _IO_vfprintf_internal+0x6df (inlined)
	    7f0b974732f7 __printf+0x97 (inlined)
	    7f0b9762251e main+0x2d9 (/home/markus/work_ot/ltp/testcases/open_posix_testsuite/functional/mqueues/test_glibc.out)
	    7f0b974310b2 __libc_start_main+0x102 (/home/markus/work_ot/c_analysis/glibc_install_fp_g_ggdb/lib/libc-2.28.so)
	    7f0b97622189 _start+0x29 (/home/markus/work_ot/ltp/testcases/open_posix_testsuite/functional/mqueues/test_glibc.out)

ld-linux-x86-64 22781 37473.891191:         45 cycles:ppp: 
	ffffffff8f45ddb6 native_write_msr+0x6 ([kernel.kallsyms])
	ffffffff8f40c5a7 __intel_pmu_enable_all.constprop.25+0x47 ([kernel.kallsyms])
	ffffffff8f5b2278 __perf_event_task_sched_in+0x188 ([kernel.kallsyms])
	ffffffff8f4a8934 finish_task_switch+0xd4 ([kernel.kallsyms])
	ffffffff8fb25ffa __sched_text_start+0x2aa ([kernel.kallsyms])
	ffffffff8fb265e8 schedule+0x28 ([kernel.kallsyms])
	ffffffff8fb268ba schedule_preempt_disabled+0xa ([kernel.kallsyms])
	ffffffff8fb289a5 __mutex_lock.isra.8+0x2b5 ([kernel.kallsyms])
	ffffffff8f8cb805 tty_write_lock+0x25 ([kernel.kallsyms])
	ffffffff8f8ce21a tty_write+0xba ([kernel.kallsyms])
	ffffffff8f665185 vfs_write+0xa5 ([kernel.kallsyms])
	ffffffff8f665427 ksys_write+0x57 ([kernel.kallsyms])
	ffffffff8f404183 do_syscall_64+0x53 ([kernel.kallsyms])
	ffffffff8fc00088 entry_SYSCALL_64_after_hwframe+0x44 ([kernel.kallsyms])
	    7f0b975187f4 __GI___libc_write+0x14 (/home/markus/work_ot/c_analysis/glibc_install_fp_g_ggdb/lib/libc-2.28.so)
	    7f0b974987a4 _IO_new_file_write+0x24 (inlined)
	    7f0b97499f1a new_do_write+0xba (inlined)
	    7f0b97499f1a _IO_new_do_write+0xba (inlined)
	    7f0b97499f1a _IO_new_do_write+0xba (inlined)
	    7f0b97498ea4 _IO_new_file_xsputn+0x124 (inlined)
	    7f0b97498ea4 _IO_new_file_xsputn+0x124 (inlined)
	    7f0b9746a12f _IO_vfprintf_internal+0x6df (inlined)
	    7f0b974732f7 __printf+0x97 (inlined)
	    7f0b9762251e main+0x2d9 (/home/markus/work_ot/ltp/testcases/open_posix_testsuite/functional/mqueues/test_glibc.out)
	    7f0b974310b2 __libc_start_main+0x102 (/home/markus/work_ot/c_analysis/glibc_install_fp_g_ggdb/lib/libc-2.28.so)
	    7f0b97622189 _start+0x29 (/home/markus/work_ot/ltp/testcases/open_posix_testsuite/functional/mqueues/test_glibc.out)

ld-linux-x86-64 22781 37473.891196:        361 cycles:ppp: 
	ffffffff8f45ddb6 native_write_msr+0x6 ([kernel.kallsyms])
	ffffffff8f40c5a7 __intel_pmu_enable_all.constprop.25+0x47 ([kernel.kallsyms])
	ffffffff8f5b2278 __perf_event_task_sched_in+0x188 ([kernel.kallsyms])
	ffffffff8f4a8934 finish_task_switch+0xd4 ([kernel.kallsyms])
	ffffffff8fb25ffa __sched_text_start+0x2aa ([kernel.kallsyms])
	ffffffff8fb265e8 schedule+0x28 ([kernel.kallsyms])
	ffffffff8fb268ba schedule_preempt_disabled+0xa ([kernel.kallsyms])
	ffffffff8fb289a5 __mutex_lock.isra.8+0x2b5 ([kernel.kallsyms])
	ffffffff8f8cb805 tty_write_lock+0x25 ([kernel.kallsyms])
	ffffffff8f8ce21a tty_write+0xba ([kernel.kallsyms])
	ffffffff8f665185 vfs_write+0xa5 ([kernel.kallsyms])
	ffffffff8f665427 ksys_write+0x57 ([kernel.kallsyms])
	ffffffff8f404183 do_syscall_64+0x53 ([kernel.kallsyms])
	ffffffff8fc00088 entry_SYSCALL_64_after_hwframe+0x44 ([kernel.kallsyms])
	    7f0b975187f4 __GI___libc_write+0x14 (/home/markus/work_ot/c_analysis/glibc_install_fp_g_ggdb/lib/libc-2.28.so)
	    7f0b974987a4 _IO_new_file_write+0x24 (inlined)
	    7f0b97499f1a new_do_write+0xba (inlined)
	    7f0b97499f1a _IO_new_do_write+0xba (inlined)
	    7f0b97499f1a _IO_new_do_write+0xba (inlined)
	    7f0b97498ea4 _IO_new_file_xsputn+0x124 (inlined)
	    7f0b97498ea4 _IO_new_file_xsputn+0x124 (inlined)
	    7f0b9746a12f _IO_vfprintf_internal+0x6df (inlined)
	    7f0b974732f7 __printf+0x97 (inlined)
	    7f0b9762251e main+0x2d9 (/home/markus/work_ot/ltp/testcases/open_posix_testsuite/functional/mqueues/test_glibc.out)
	    7f0b974310b2 __libc_start_main+0x102 (/home/markus/work_ot/c_analysis/glibc_install_fp_g_ggdb/lib/libc-2.28.so)
	    7f0b97622189 _start+0x29 (/home/markus/work_ot/ltp/testcases/open_posix_testsuite/functional/mqueues/test_glibc.out)

ld-linux-x86-64 22781 37473.891200:       2690 cycles:ppp: 
	ffffffff8f45ddb6 native_write_msr+0x6 ([kernel.kallsyms])
	ffffffff8f40c5a7 __intel_pmu_enable_all.constprop.25+0x47 ([kernel.kallsyms])
	ffffffff8f5b2278 __perf_event_task_sched_in+0x188 ([kernel.kallsyms])
	ffffffff8f4a8934 finish_task_switch+0xd4 ([kernel.kallsyms])
	ffffffff8fb25ffa __sched_text_start+0x2aa ([kernel.kallsyms])
	ffffffff8fb265e8 schedule+0x28 ([kernel.kallsyms])
	ffffffff8fb268ba schedule_preempt_disabled+0xa ([kernel.kallsyms])
	ffffffff8fb289a5 __mutex_lock.isra.8+0x2b5 ([kernel.kallsyms])
	ffffffff8f8cb805 tty_write_lock+0x25 ([kernel.kallsyms])
	ffffffff8f8ce21a tty_write+0xba ([kernel.kallsyms])
	ffffffff8f665185 vfs_write+0xa5 ([kernel.kallsyms])
	ffffffff8f665427 ksys_write+0x57 ([kernel.kallsyms])
	ffffffff8f404183 do_syscall_64+0x53 ([kernel.kallsyms])
	ffffffff8fc00088 entry_SYSCALL_64_after_hwframe+0x44 ([kernel.kallsyms])
	    7f0b975187f4 __GI___libc_write+0x14 (/home/markus/work_ot/c_analysis/glibc_install_fp_g_ggdb/lib/libc-2.28.so)
	    7f0b974987a4 _IO_new_file_write+0x24 (inlined)
	    7f0b97499f1a new_do_write+0xba (inlined)
	    7f0b97499f1a _IO_new_do_write+0xba (inlined)
	    7f0b97499f1a _IO_new_do_write+0xba (inlined)
	    7f0b97498ea4 _IO_new_file_xsputn+0x124 (inlined)
	    7f0b97498ea4 _IO_new_file_xsputn+0x124 (inlined)
	    7f0b9746a12f _IO_vfprintf_internal+0x6df (inlined)
	    7f0b974732f7 __printf+0x97 (inlined)
	    7f0b9762251e main+0x2d9 (/home/markus/work_ot/ltp/testcases/open_posix_testsuite/functional/mqueues/test_glibc.out)
	    7f0b974310b2 __libc_start_main+0x102 (/home/markus/work_ot/c_analysis/glibc_install_fp_g_ggdb/lib/libc-2.28.so)
	    7f0b97622189 _start+0x29 (/home/markus/work_ot/ltp/testcases/open_posix_testsuite/functional/mqueues/test_glibc.out)

ld-linux-x86-64 22781 37473.891205:      21126 cycles:ppp: 
	ffffffff8f45ddb6 native_write_msr+0x6 ([kernel.kallsyms])
	ffffffff8f40c5a7 __intel_pmu_enable_all.constprop.25+0x47 ([kernel.kallsyms])
	ffffffff8f5b2278 __perf_event_task_sched_in+0x188 ([kernel.kallsyms])
	ffffffff8f4a8934 finish_task_switch+0xd4 ([kernel.kallsyms])
	ffffffff8fb25ffa __sched_text_start+0x2aa ([kernel.kallsyms])
	ffffffff8fb265e8 schedule+0x28 ([kernel.kallsyms])
	ffffffff8fb268ba schedule_preempt_disabled+0xa ([kernel.kallsyms])
	ffffffff8fb289a5 __mutex_lock.isra.8+0x2b5 ([kernel.kallsyms])
	ffffffff8f8cb805 tty_write_lock+0x25 ([kernel.kallsyms])
	ffffffff8f8ce21a tty_write+0xba ([kernel.kallsyms])
	ffffffff8f665185 vfs_write+0xa5 ([kernel.kallsyms])
	ffffffff8f665427 ksys_write+0x57 ([kernel.kallsyms])
	ffffffff8f404183 do_syscall_64+0x53 ([kernel.kallsyms])
	ffffffff8fc00088 entry_SYSCALL_64_after_hwframe+0x44 ([kernel.kallsyms])
	    7f0b975187f4 __GI___libc_write+0x14 (/home/markus/work_ot/c_analysis/glibc_install_fp_g_ggdb/lib/libc-2.28.so)
	    7f0b974987a4 _IO_new_file_write+0x24 (inlined)
	    7f0b97499f1a new_do_write+0xba (inlined)
	    7f0b97499f1a _IO_new_do_write+0xba (inlined)
	    7f0b97499f1a _IO_new_do_write+0xba (inlined)
	    7f0b97498ea4 _IO_new_file_xsputn+0x124 (inlined)
	    7f0b97498ea4 _IO_new_file_xsputn+0x124 (inlined)
	    7f0b9746a12f _IO_vfprintf_internal+0x6df (inlined)
	    7f0b974732f7 __printf+0x97 (inlined)
	    7f0b9762251e main+0x2d9 (/home/markus/work_ot/ltp/testcases/open_posix_testsuite/functional/mqueues/test_glibc.out)
	    7f0b974310b2 __libc_start_main+0x102 (/home/markus/work_ot/c_analysis/glibc_install_fp_g_ggdb/lib/libc-2.28.so)
	    7f0b97622189 _start+0x29 (/home/markus/work_ot/ltp/testcases/open_posix_testsuite/functional/mqueues/test_glibc.out)

ld-linux-x86-64 22781 37473.891214:     163454 cycles:ppp: 
	    7f0b9746a130 _IO_vfprintf_internal+0x6e0 (inlined)
	    7f0b974732f7 __printf+0x97 (inlined)
	    7f0b9762251e main+0x2d9 (/home/markus/work_ot/ltp/testcases/open_posix_testsuite/functional/mqueues/test_glibc.out)
	    7f0b974310b2 __libc_start_main+0x102 (/home/markus/work_ot/c_analysis/glibc_install_fp_g_ggdb/lib/libc-2.28.so)
	    7f0b97622189 _start+0x29 (/home/markus/work_ot/ltp/testcases/open_posix_testsuite/functional/mqueues/test_glibc.out)

ld-linux-x86-64 22781 37473.891273:     686709 cycles:ppp: 
	ffffffff8f5d7159 __activate_page+0x79 ([kernel.kallsyms])
	ffffffff8f5d7f8c pagevec_lru_move_fn+0x8c ([kernel.kallsyms])
	ffffffff8f5d8525 activate_page+0xa5 ([kernel.kallsyms])
	ffffffff8f5d85ba mark_page_accessed+0x7a ([kernel.kallsyms])
	ffffffff8f6009d9 unmap_page_range+0x4f9 ([kernel.kallsyms])
	ffffffff8f60133f unmap_vmas+0x7f ([kernel.kallsyms])
	ffffffff8f60b74a exit_mmap+0xaa ([kernel.kallsyms])
	ffffffff8f479714 mmput+0x54 ([kernel.kallsyms])
	ffffffff8f481827 do_exit+0x337 ([kernel.kallsyms])
	ffffffff8f48211a do_group_exit+0x3a ([kernel.kallsyms])
	ffffffff8f482194 __x64_sys_exit_group+0x14 ([kernel.kallsyms])
	ffffffff8f404183 do_syscall_64+0x53 ([kernel.kallsyms])
	ffffffff8fc00088 entry_SYSCALL_64_after_hwframe+0x44 ([kernel.kallsyms])

